
synthesis -f "Motorcontrollerfinal_controller_lattice.synproj"
synthesis:  version Diamond (64-bit) 3.8.0.115.3

Copyright (c) 1991-1994 by NeoCAD Inc. All rights reserved.
Copyright (c) 1995 AT&T Corp.   All rights reserved.
Copyright (c) 1995-2001 Lucent Technologies Inc.  All rights reserved.
Copyright (c) 2001 Agere Systems   All rights reserved.
Copyright (c) 2002-2016 Lattice Semiconductor Corporation,  All rights reserved.
Wed Mar 08 09:59:54 2017


Command Line:  synthesis -f Motorcontrollerfinal_controller_lattice.synproj -gui -msgset C:/Users/gebruiker/workspace/lattice/Final code software/promote.xml 

    <postMsg mid="35002000" type="Info"    dynamic="0" navigation="0"  />
Synthesis options:
The -a option is MachXO2.
The -s option is 4.
The -t option is TQFP144.
The -d option is LCMXO2-7000HE.
Using package TQFP144.
Using performance grade 4.
                                                          

##########################################################

### Lattice Family : MachXO2

### Device  : LCMXO2-7000HE

### Package : TQFP144

### Speed   : 4

##########################################################

                                                          

Optimization goal = Balanced
Top-level module name = SPI_loopback_Top.
Target frequency = 1.000000 MHz.
Maximum fanout = 1000.
Timing path count = 3
BRAM utilization = 100.000000 %
DSP usage = true
DSP utilization = 100.000000 %
fsm_encoding_style = auto
resolve_mixed_drivers = 0
fix_gated_clocks = 1

Mux style = Auto
Use Carry Chain = true
carry_chain_length = 0
Loop Limit = 1950.
Use IO Insertion = TRUE
Use IO Reg = AUTO

Resource Sharing = TRUE
Propagate Constants = TRUE
Remove Duplicate Registers = TRUE
force_gsr = auto
ROM style = auto
RAM style = auto
The -comp option is FALSE.
The -syn option is FALSE.
-p C:/lscc/diamond/3.8_x64/ispfpga/xo2c00/data (searchpath added)
-p C:/Users/gebruiker/workspace/lattice/Final code software/controller (searchpath added)
-p C:/Users/gebruiker/workspace/lattice/Final code software (searchpath added)
VHDL library = work
VHDL design file = C:/Users/gebruiker/workspace/lattice/Final code software/Clockdivider.vhd
VHDL design file = C:/Users/gebruiker/workspace/lattice/Final code software/COMMUTATION.vhd
VHDL design file = C:/Users/gebruiker/workspace/lattice/Final code software/HallInput.vhd
VHDL design file = C:/Users/gebruiker/workspace/lattice/Final code software/PWM_GEN.vhd
VHDL design file = C:/Users/gebruiker/workspace/lattice/Final code software/SPI loopbacktest v2.vhd
VHDL design file = C:/Users/gebruiker/workspace/lattice/Final code software/ToplevelFinal.vhd
VHDL design file = C:/Users/gebruiker/workspace/lattice/Final code software/PID.vhd
NGD file = Motorcontrollerfinal_controller.ngd
-sdc option: SDC file input not used.
-lpf option: Output file option is ON.
Hardtimer checking is enabled (default). The -dt option is not used.
The -r option is OFF. [ Remove LOC Properties is OFF. ]
Technology check ok...

Analyzing Verilog file C:/lscc/diamond/3.8_x64/ispfpga/userware/NT/SYNTHESIS_HEADERS/machxo2.v. VERI-1482
Compile design.
Compile Design Begin
    <postMsg mid="35921504" type="Info"    dynamic="2" navigation="0" arg0="" arg1="C:/Users/gebruiker/workspace/lattice/Final code software/controller"  />
Analyzing VHDL file c:/users/gebruiker/workspace/lattice/final code software/clockdivider.vhd. VHDL-1481
    <postMsg mid="35921012" type="Info"    dynamic="2" navigation="2" arg0="c:/users/gebruiker/workspace/lattice/final code software/clockdivider.vhd(20): " arg1="clkdiv" arg2="c:/users/gebruiker/workspace/lattice/final code software/clockdivider.vhd" arg3="20"  />
    <postMsg mid="35921010" type="Info"    dynamic="2" navigation="2" arg0="c:/users/gebruiker/workspace/lattice/final code software/clockdivider.vhd(34): " arg1="clkdiv" arg2="c:/users/gebruiker/workspace/lattice/final code software/clockdivider.vhd" arg3="34"  />
unit SPI_loopback_Top is not yet analyzed. VHDL-1485
Analyzing VHDL file c:/users/gebruiker/workspace/lattice/final code software/commutation.vhd. VHDL-1481
    <postMsg mid="35921012" type="Info"    dynamic="2" navigation="2" arg0="c:/users/gebruiker/workspace/lattice/final code software/commutation.vhd(28): " arg1="commutation" arg2="c:/users/gebruiker/workspace/lattice/final code software/commutation.vhd" arg3="28"  />
    <postMsg mid="35921010" type="Info"    dynamic="2" navigation="2" arg0="c:/users/gebruiker/workspace/lattice/final code software/commutation.vhd(52): " arg1="commutation" arg2="c:/users/gebruiker/workspace/lattice/final code software/commutation.vhd" arg3="52"  />
unit SPI_loopback_Top is not yet analyzed. VHDL-1485
Analyzing VHDL file c:/users/gebruiker/workspace/lattice/final code software/hallinput.vhd. VHDL-1481
    <postMsg mid="35921012" type="Info"    dynamic="2" navigation="2" arg0="c:/users/gebruiker/workspace/lattice/final code software/hallinput.vhd(22): " arg1="hall" arg2="c:/users/gebruiker/workspace/lattice/final code software/hallinput.vhd" arg3="22"  />
    <postMsg mid="35921010" type="Info"    dynamic="2" navigation="2" arg0="c:/users/gebruiker/workspace/lattice/final code software/hallinput.vhd(41): " arg1="hall" arg2="c:/users/gebruiker/workspace/lattice/final code software/hallinput.vhd" arg3="41"  />
unit SPI_loopback_Top is not yet analyzed. VHDL-1485
Analyzing VHDL file c:/users/gebruiker/workspace/lattice/final code software/pwm_gen.vhd. VHDL-1481
    <postMsg mid="35921012" type="Info"    dynamic="2" navigation="2" arg0="c:/users/gebruiker/workspace/lattice/final code software/pwm_gen.vhd(25): " arg1="pwmgenerator" arg2="c:/users/gebruiker/workspace/lattice/final code software/pwm_gen.vhd" arg3="25"  />
    <postMsg mid="35921010" type="Info"    dynamic="2" navigation="2" arg0="c:/users/gebruiker/workspace/lattice/final code software/pwm_gen.vhd(35): " arg1="pwmgenerator" arg2="c:/users/gebruiker/workspace/lattice/final code software/pwm_gen.vhd" arg3="35"  />
unit SPI_loopback_Top is not yet analyzed. VHDL-1485
Analyzing VHDL file c:/users/gebruiker/workspace/lattice/final code software/spi loopbacktest v2.vhd. VHDL-1481
    <postMsg mid="35921012" type="Info"    dynamic="2" navigation="2" arg0="c:/users/gebruiker/workspace/lattice/final code software/spi loopbacktest v2.vhd(21): " arg1="spi" arg2="c:/users/gebruiker/workspace/lattice/final code software/spi loopbacktest v2.vhd" arg3="21"  />
    <postMsg mid="35921010" type="Info"    dynamic="2" navigation="2" arg0="c:/users/gebruiker/workspace/lattice/final code software/spi loopbacktest v2.vhd(54): " arg1="spi" arg2="c:/users/gebruiker/workspace/lattice/final code software/spi loopbacktest v2.vhd" arg3="54"  />
unit SPI_loopback_Top is not yet analyzed. VHDL-1485
Analyzing VHDL file c:/users/gebruiker/workspace/lattice/final code software/toplevelfinal.vhd. VHDL-1481
    <postMsg mid="35921012" type="Info"    dynamic="2" navigation="2" arg0="c:/users/gebruiker/workspace/lattice/final code software/toplevelfinal.vhd(23): " arg1="spi_loopback_top" arg2="c:/users/gebruiker/workspace/lattice/final code software/toplevelfinal.vhd" arg3="23"  />
    <postMsg mid="35921010" type="Info"    dynamic="2" navigation="2" arg0="c:/users/gebruiker/workspace/lattice/final code software/toplevelfinal.vhd(79): " arg1="arch" arg2="c:/users/gebruiker/workspace/lattice/final code software/toplevelfinal.vhd" arg3="79"  />
unit SPI_loopback_Top is not yet analyzed. VHDL-1485
Analyzing VHDL file c:/users/gebruiker/workspace/lattice/final code software/pid.vhd. VHDL-1481
    <postMsg mid="35921012" type="Info"    dynamic="2" navigation="2" arg0="c:/users/gebruiker/workspace/lattice/final code software/pid.vhd(9): " arg1="pid" arg2="c:/users/gebruiker/workspace/lattice/final code software/pid.vhd" arg3="9"  />
    <postMsg mid="35921010" type="Info"    dynamic="2" navigation="2" arg0="c:/users/gebruiker/workspace/lattice/final code software/pid.vhd(45): " arg1="pid" arg2="c:/users/gebruiker/workspace/lattice/final code software/pid.vhd" arg3="45"  />
unit SPI_loopback_Top is not yet analyzed. VHDL-1485
unit SPI_loopback_Top is not yet analyzed. VHDL-1485
c:/users/gebruiker/workspace/lattice/final code software/toplevelfinal.vhd(23): executing SPI_loopback_Top(arch)

    <postMsg mid="35921251" type="Warning" dynamic="2" navigation="2" arg0="c:/users/gebruiker/workspace/lattice/final code software/toplevelfinal.vhd(348): " arg1="pwmdut_m4" arg2="c:/users/gebruiker/workspace/lattice/final code software/toplevelfinal.vhd" arg3="348"  />
    <postMsg mid="35921613" type="Warning" dynamic="1" navigation="2" arg0="c:/users/gebruiker/workspace/lattice/final code software/toplevelfinal.vhd(355): " arg1="c:/users/gebruiker/workspace/lattice/final code software/toplevelfinal.vhd" arg2="355"  />
    <postMsg mid="35921205" type="Warning" dynamic="3" navigation="2" arg0="c:/users/gebruiker/workspace/lattice/final code software/toplevelfinal.vhd(77): " arg1="SPI_loopback_Top" arg2="arch" arg3="c:/users/gebruiker/workspace/lattice/final code software/toplevelfinal.vhd" arg4="77"  />
Top module name (VHDL): SPI_loopback_Top
Last elaborated design is SPI_loopback_Top(arch)
Loading NGL library 'C:/lscc/diamond/3.8_x64/ispfpga/xo2c00a/data/xo2alib.ngl'...
Loading NGL library 'C:/lscc/diamond/3.8_x64/ispfpga/xo2c00/data/xo2clib.ngl'...
Loading NGL library 'C:/lscc/diamond/3.8_x64/ispfpga/mg5g00/data/mg5glib.ngl'...
Loading NGL library 'C:/lscc/diamond/3.8_x64/ispfpga/or5g00/data/orc5glib.ngl'...
Loading device for application map from file 'xo2c7000.nph' in environment: C:/lscc/diamond/3.8_x64/ispfpga.
Package Status:                     Final          Version 1.39.
Top-level module name = SPI_loopback_Top.
    <postMsg mid="35931002" type="Warning" dynamic="2" navigation="2" arg0="c:/users/gebruiker/workspace/lattice/final code software/toplevelfinal.vhd(98): " arg1="speed_set_m1[20]" arg2="c:/users/gebruiker/workspace/lattice/final code software/toplevelfinal.vhd" arg3="98"  />
    <postMsg mid="35931002" type="Warning" dynamic="2" navigation="2" arg0="c:/users/gebruiker/workspace/lattice/final code software/toplevelfinal.vhd(99): " arg1="speed_set_m2[20]" arg2="c:/users/gebruiker/workspace/lattice/final code software/toplevelfinal.vhd" arg3="99"  />
    <postMsg mid="35931002" type="Warning" dynamic="2" navigation="2" arg0="c:/users/gebruiker/workspace/lattice/final code software/toplevelfinal.vhd(100): " arg1="speed_set_m3[20]" arg2="c:/users/gebruiker/workspace/lattice/final code software/toplevelfinal.vhd" arg3="100"  />
    <postMsg mid="35931002" type="Warning" dynamic="2" navigation="2" arg0="c:/users/gebruiker/workspace/lattice/final code software/toplevelfinal.vhd(101): " arg1="speed_set_m4[20]" arg2="c:/users/gebruiker/workspace/lattice/final code software/toplevelfinal.vhd" arg3="101"  />
######## Missing driver on net speed_set_m1[20]. Patching with GND.
######## Missing driver on net speed_set_m1[19]. Patching with GND.
######## Missing driver on net speed_set_m1[18]. Patching with GND.
######## Missing driver on net speed_set_m1[17]. Patching with GND.
######## Missing driver on net speed_set_m1[16]. Patching with GND.
######## Missing driver on net speed_set_m1[15]. Patching with GND.
######## Missing driver on net speed_set_m1[14]. Patching with GND.
######## Missing driver on net speed_set_m1[13]. Patching with GND.
######## Missing driver on net speed_set_m1[12]. Patching with GND.
######## Missing driver on net speed_set_m1[11]. Patching with GND.
######## Missing driver on net speed_set_m1[10]. Patching with GND.
######## Missing driver on net speed_set_m1[9]. Patching with GND.
######## Missing driver on net speed_set_m1[8]. Patching with GND.
######## Missing driver on net speed_set_m1[7]. Patching with GND.
######## Missing driver on net speed_set_m1[6]. Patching with GND.
######## Missing driver on net speed_set_m1[5]. Patching with GND.
######## Missing driver on net speed_set_m1[4]. Patching with GND.
######## Missing driver on net speed_set_m1[3]. Patching with GND.
######## Missing driver on net speed_set_m1[2]. Patching with GND.
######## Missing driver on net speed_set_m1[1]. Patching with GND.
######## Missing driver on net speed_set_m1[0]. Patching with GND.
######## Missing driver on net speed_set_m2[20]. Patching with GND.
######## Missing driver on net speed_set_m2[19]. Patching with GND.
######## Missing driver on net speed_set_m2[18]. Patching with GND.
######## Missing driver on net speed_set_m2[17]. Patching with GND.
######## Missing driver on net speed_set_m2[16]. Patching with GND.
######## Missing driver on net speed_set_m2[15]. Patching with GND.
######## Missing driver on net speed_set_m2[14]. Patching with GND.
######## Missing driver on net speed_set_m2[13]. Patching with GND.
######## Missing driver on net speed_set_m2[12]. Patching with GND.
######## Missing driver on net speed_set_m2[11]. Patching with GND.
######## Missing driver on net speed_set_m2[10]. Patching with GND.
######## Missing driver on net speed_set_m2[9]. Patching with GND.
######## Missing driver on net speed_set_m2[8]. Patching with GND.
######## Missing driver on net speed_set_m2[7]. Patching with GND.
######## Missing driver on net speed_set_m2[6]. Patching with GND.
######## Missing driver on net speed_set_m2[5]. Patching with GND.
######## Missing driver on net speed_set_m2[4]. Patching with GND.
######## Missing driver on net speed_set_m2[3]. Patching with GND.
######## Missing driver on net speed_set_m2[2]. Patching with GND.
######## Missing driver on net speed_set_m2[1]. Patching with GND.
######## Missing driver on net speed_set_m2[0]. Patching with GND.
######## Missing driver on net speed_set_m3[20]. Patching with GND.
######## Missing driver on net speed_set_m3[19]. Patching with GND.
######## Missing driver on net speed_set_m3[18]. Patching with GND.
######## Missing driver on net speed_set_m3[17]. Patching with GND.
######## Missing driver on net speed_set_m3[16]. Patching with GND.
######## Missing driver on net speed_set_m3[15]. Patching with GND.
######## Missing driver on net speed_set_m3[14]. Patching with GND.
######## Missing driver on net speed_set_m3[13]. Patching with GND.
######## Missing driver on net speed_set_m3[12]. Patching with GND.
######## Missing driver on net speed_set_m3[11]. Patching with GND.
######## Missing driver on net speed_set_m3[10]. Patching with GND.
######## Missing driver on net speed_set_m3[9]. Patching with GND.
######## Missing driver on net speed_set_m3[8]. Patching with GND.
######## Missing driver on net speed_set_m3[7]. Patching with GND.
######## Missing driver on net speed_set_m3[6]. Patching with GND.
######## Missing driver on net speed_set_m3[5]. Patching with GND.
######## Missing driver on net speed_set_m3[4]. Patching with GND.
######## Missing driver on net speed_set_m3[3]. Patching with GND.
######## Missing driver on net speed_set_m3[2]. Patching with GND.
######## Missing driver on net speed_set_m3[1]. Patching with GND.
######## Missing driver on net speed_set_m3[0]. Patching with GND.
######## Missing driver on net speed_set_m4[20]. Patching with GND.
######## Missing driver on net speed_set_m4[19]. Patching with GND.
######## Missing driver on net speed_set_m4[18]. Patching with GND.
######## Missing driver on net speed_set_m4[17]. Patching with GND.
######## Missing driver on net speed_set_m4[16]. Patching with GND.
######## Missing driver on net speed_set_m4[15]. Patching with GND.
######## Missing driver on net speed_set_m4[14]. Patching with GND.
######## Missing driver on net speed_set_m4[13]. Patching with GND.
######## Missing driver on net speed_set_m4[12]. Patching with GND.
######## Missing driver on net speed_set_m4[11]. Patching with GND.
######## Missing driver on net speed_set_m4[10]. Patching with GND.
######## Missing driver on net speed_set_m4[9]. Patching with GND.
######## Missing driver on net speed_set_m4[8]. Patching with GND.
######## Missing driver on net speed_set_m4[7]. Patching with GND.
######## Missing driver on net speed_set_m4[6]. Patching with GND.
######## Missing driver on net speed_set_m4[5]. Patching with GND.
######## Missing driver on net speed_set_m4[4]. Patching with GND.
######## Missing driver on net speed_set_m4[3]. Patching with GND.
######## Missing driver on net speed_set_m4[2]. Patching with GND.
######## Missing driver on net speed_set_m4[1]. Patching with GND.
######## Missing driver on net speed_set_m4[0]. Patching with GND.



SCUBA, Version Diamond (64-bit) 3.8.0.115.3
Wed Mar 08 09:59:56 2017

Copyright (c) 1991-1994 by NeoCAD Inc. All rights reserved.
Copyright (c) 1995 AT&T Corp.   All rights reserved.
Copyright (c) 1995-2001 Lucent Technologies Inc.  All rights reserved.
Copyright (c) 2001 Agere Systems   All rights reserved.
Copyright (c) 2002-2016 Lattice Semiconductor Corporation,  All rights reserved.

BEGIN SCUBA Module Synthesis

    Issued command   : c:/lscc/diamond/3.8_x64/ispfpga/bin/nt64/scuba.exe -w -n mult_26s_25s -lang verilog -bb -arch xo2c00 -type dspmult -pfu_mult -widtha 26 -widthb 25 -widthp 51 -signed -pl_stages 0 
    Circuit name     : mult_26s_25s
    Module type      : dspmult
    Module Version   : 4.2
    Ports            : 
	Inputs       : A[25:0], B[24:0]
	Outputs      : P[50:0]
    I/O buffer       : not inserted
    EDIF output      : mult_26s_25s.edn
    Verilog output   : mult_26s_25s.v
    Verilog template : mult_26s_25s_tmpl.v
    Verilog testbench: tb_mult_26s_25s_tmpl.v
    Verilog purpose  : for synthesis and simulation
    Bus notation     : big endian
    Report output    : mult_26s_25s.srp
    Estimated Resource Usage:
            LUT : 850

END   SCUBA Module Synthesis
Analyzing Verilog file C:/lscc/diamond/3.8_x64/ispfpga/userware/NT/SYNTHESIS_HEADERS/machxo2.v. VERI-1482
Analyzing Verilog file mult_26s_25s.v. VERI-1482
    <postMsg mid="35931013" type="Warning" dynamic="2" navigation="2" arg0="c:/users/gebruiker/workspace/lattice/final code software/pid.vhd(203): " arg1="a[25]" arg2="c:/users/gebruiker/workspace/lattice/final code software/pid.vhd" arg3="203"  />
    <postMsg mid="35935013" type="Warning" dynamic="2" navigation="2" arg0="c:/users/gebruiker/workspace/lattice/final code software/pid.vhd(351): " arg1="\PID_I/dirout_m2_252" arg2="c:/users/gebruiker/workspace/lattice/final code software/pid.vhd" arg3="351"  />
GSR instance connected to net rst.
Applying 1.000000 MHz constraint to all clocks

    <postMsg mid="35001611" type="Warning" dynamic="0" navigation="0"  />
Results of NGD DRC are available in SPI_loopback_Top_drc.log.
Loading NGL library 'C:/lscc/diamond/3.8_x64/ispfpga/xo2c00a/data/xo2alib.ngl'...
Loading NGL library 'C:/lscc/diamond/3.8_x64/ispfpga/xo2c00/data/xo2clib.ngl'...
Loading NGL library 'C:/lscc/diamond/3.8_x64/ispfpga/mg5g00/data/mg5glib.ngl'...
Loading NGL library 'C:/lscc/diamond/3.8_x64/ispfpga/or5g00/data/orc5glib.ngl'...


Running DRC...

DRC complete with no errors or warnings

Design Results:
   2311 blocks expanded
completed the first expansion
All blocks are expanded and NGD expansion is successful.
Writing NGD file Motorcontrollerfinal_controller.ngd.

################### Begin Area Report (SPI_loopback_Top)######################
Number of register bits => 932 of 7209 (12 % )
AND2 => 12
CCU2D => 299
FADD2B => 104
FD1P3AX => 557
FD1P3IX => 82
FD1S3AX => 131
FD1S3AY => 14
FD1S3IX => 148
GSR => 1
IB => 15
INV => 1
LUT4 => 767
MULT2 => 90
ND2 => 5
OB => 32
OBZ => 1
OSCH => 1
PFUMX => 48
################### End Area Report ##################

################### Begin BlackBox Report ######################
TSALL => 1
################### End BlackBox Report ##################

################### Begin Clock Report ######################
Clock Nets
Number of Clocks: 4
  Net : clkout_c, loads : 367
  Net : clk_N_707, loads : 326
  Net : clk_1mhz, loads : 196
  Net : pwm_clk, loads : 44
Clock Enable Nets
Number of Clock Enables: 21
Top 10 highest fanout Clock Enables:
  Net : SPI_I/clkout_c_enable_199, loads : 96
  Net : SPI_I/clkout_c_enable_58, loads : 50
  Net : SPI_I/clkout_c_enable_104, loads : 46
  Net : PID_I/clk_N_707_enable_248, loads : 44
  Net : HALL_I_M1/clk_1mhz_enable_79, loads : 40
  Net : HALL_I_M4/clk_1mhz_enable_58, loads : 39
  Net : HALL_I_M3/clk_1mhz_enable_69, loads : 32
  Net : PID_I/clk_N_707_enable_211, loads : 26
  Net : PID_I/clk_N_707_enable_118, loads : 26
  Net : PID_I/clk_N_707_enable_43, loads : 26
Highest fanout non-clock nets
Top 10 highest fanout non-clock nets:
  Net : SPI_I/CSlatched, loads : 125
  Net : PID_I/ss_2, loads : 125
  Net : SPI_I/clkout_c_enable_199, loads : 96
  Net : SPI_I/n10789, loads : 95
  Net : PID_I/multIn2_2, loads : 90
  Net : PID_I/n2227, loads : 78
  Net : SPI_I/n11099, loads : 75
  Net : SPI_I/n11100, loads : 73
  Net : PID_I/n711, loads : 72
  Net : PID_I/ss_3, loads : 64
################### End Clock Report ##################

Timing Report Summary
--------------
--------------------------------------------------------------------------------
Constraint                              |   Constraint|       Actual|Levels
--------------------------------------------------------------------------------
                                        |             |             |
create_clock -period 1000.000000 -name  |             |             |
clk3 [get_nets pwm_clk]                 |    1.000 MHz|  145.264 MHz|     4  
                                        |             |             |
create_clock -period 1000.000000 -name  |             |             |
clk2 [get_nets clk_1mhz]                |    1.000 MHz|   90.106 MHz|     6  
                                        |             |             |
create_clock -period 1000.000000 -name  |             |             |
clk1 [get_nets \CLKDIV_I/pi_clk]        |    1.000 MHz|   33.039 MHz|    19  
                                        |             |             |
create_clock -period 1000.000000 -name  |             |             |
clk0 [get_nets clkout_c]                |    1.000 MHz|  103.778 MHz|     6  
                                        |             |             |
--------------------------------------------------------------------------------


All constraints were met.


Peak Memory Usage: 109.219  MB

--------------------------------------------------------------
Elapsed CPU time for LSE flow : 4.625  secs
--------------------------------------------------------------

map -a "MachXO2" -p LCMXO2-7000HE -t TQFP144 -s 4 -oc Commercial   "Motorcontrollerfinal_controller.ngd" -o "Motorcontrollerfinal_controller_map.ncd" -pr "Motorcontrollerfinal_controller.prf" -mp "Motorcontrollerfinal_controller.mrp" -lpf "C:/Users/gebruiker/workspace/lattice/Final code software/controller/Motorcontrollerfinal_controller.lpf" -lpf "C:/Users/gebruiker/workspace/lattice/Final code software/groen.lpf" -c 0            
map:  version Diamond (64-bit) 3.8.0.115.3

Copyright (c) 1991-1994 by NeoCAD Inc. All rights reserved.
Copyright (c) 1995 AT&T Corp.   All rights reserved.
Copyright (c) 1995-2001 Lucent Technologies Inc.  All rights reserved.
Copyright (c) 2001 Agere Systems   All rights reserved.
Copyright (c) 2002-2016 Lattice Semiconductor Corporation,  All rights reserved.
   Process the file: Motorcontrollerfinal_controller.ngd
   Picdevice="LCMXO2-7000HE"

   Pictype="TQFP144"

   Picspeed=4

   Remove unused logic

   Do not produce over sized NCDs.

Part used: LCMXO2-7000HETQFP144, Performance used: 4.

Loading device for application map from file 'xo2c7000.nph' in environment: C:/lscc/diamond/3.8_x64/ispfpga.
Package Status:                     Final          Version 1.39.

Running general design DRC...

Removing unused logic...

Optimizing...




Design Summary:
   Number of registers:    932 out of  7209 (13%)
      PFU registers:          932 out of  6864 (14%)
      PIO registers:            0 out of   345 (0%)
   Number of SLICEs:       895 out of  3432 (26%)
      SLICEs as Logic/ROM:    895 out of  3432 (26%)
      SLICEs as RAM:            0 out of  2574 (0%)
      SLICEs as Carry:        493 out of  3432 (14%)
   Number of LUT4s:        1757 out of  6864 (26%)
      Number used as logic LUTs:        771
      Number used as distributed RAM:     0
      Number used as ripple logic:      986
      Number used as shift registers:     0
   Number of PIO sites used: 48 + 4(JTAG) out of 115 (45%)
   Number of block RAMs:  0 out of 26 (0%)
   Number of GSRs:  1 out of 1 (100%)
   EFB used :       No
   JTAG used :      No
   Readback used :  No
   Oscillator used :  Yes
   Startup used :   No
   POR :            On
   Bandgap :        On
   Number of Power Controller:  0 out of 1 (0%)
   Number of Dynamic Bank Controller (BCINRD):  0 out of 6 (0%)
   Number of Dynamic Bank Controller (BCLVDSO):  0 out of 1 (0%)
   Number of DCCA:  0 out of 8 (0%)
   Number of DCMA:  0 out of 2 (0%)
   Number of PLLs:  0 out of 2 (0%)
   Number of DQSDLLs:  0 out of 2 (0%)
   Number of CLKDIVC:  0 out of 4 (0%)
   Number of ECLKSYNCA:  0 out of 4 (0%)
   Number of ECLKBRIDGECS:  0 out of 2 (0%)
   Notes:-
      1. Total number of LUT4s = (Number of logic LUT4s) + 2*(Number of distributed RAMs) + 2*(Number of ripple logic)
      2. Number of logic LUT4s does not include count of distributed RAM and ripple logic.
   Number of clocks:  4
     Net clkout_c: 205 loads, 205 rising, 0 falling (Driver: OSCInst0 )
     Net clk_1mhz: 106 loads, 106 rising, 0 falling (Driver: CLKDIV_I/clk_1mhz_33 )
     Net pwm_clk: 26 loads, 26 rising, 0 falling (Driver: CLKDIV_I/pwm_clk_34 )
     Net CLKDIV_I/pi_clk: 177 loads, 0 rising, 177 falling (Driver: CLKDIV_I/pi_clk_35 )
   Number of Clock Enables:  21
     Net clkout_c_enable_281: 7 loads, 7 LSLICEs
     Net rst: 14 loads, 14 LSLICEs
     Net clkout_c_enable_257: 27 loads, 27 LSLICEs
     Net clkout_c_enable_269: 26 loads, 26 LSLICEs
     Net HALL_I_M3/clk_1mhz_enable_69: 7 loads, 7 LSLICEs
     Net HALL_I_M1/clk_1mhz_enable_79: 10 loads, 10 LSLICEs
     Net SPI_I/clkout_c_enable_199: 48 loads, 48 LSLICEs
     Net SPI_I/clkout_c_enable_58: 25 loads, 25 LSLICEs
     Net SPI_I/enable_m1_N_657: 2 loads, 2 LSLICEs
     Net SPI_I/clkout_c_enable_104: 23 loads, 23 LSLICEs
     Net HALL_I_M2/clk_1mhz_enable_72: 2 loads, 2 LSLICEs
     Net PID_I/clk_N_707_enable_232: 14 loads, 14 LSLICEs
     Net PID_I/clk_N_707_enable_211: 14 loads, 14 LSLICEs
     Net PID_I/clk_N_707_enable_43: 13 loads, 13 LSLICEs
     Net PID_I/clk_N_707_enable_68: 13 loads, 13 LSLICEs
     Net PID_I/clk_N_707_enable_93: 13 loads, 13 LSLICEs
     Net PID_I/clk_N_707_enable_118: 13 loads, 13 LSLICEs
     Net PID_I/clk_N_707_enable_143: 13 loads, 13 LSLICEs
     Net PID_I/clk_N_707_enable_168: 13 loads, 13 LSLICEs
     Net PID_I/clk_N_707_enable_248: 24 loads, 24 LSLICEs
     Net HALL_I_M4/clk_1mhz_enable_58: 10 loads, 10 LSLICEs
   Number of LSRs:  23
     Net enable_m1: 3 loads, 3 LSLICEs
     Net enable_m3: 3 loads, 3 LSLICEs
     Net enable_m2: 3 loads, 3 LSLICEs
     Net enable_m4: 3 loads, 3 LSLICEs
     Net CLKDIV_I/n6582: 3 loads, 3 LSLICEs
     Net CLKDIV_I/n6581: 5 loads, 5 LSLICEs
     Net HALL_I_M3/clk_1mhz_enable_69: 11 loads, 11 LSLICEs
     Net HALL_I_M1/clk_1mhz_enable_79: 11 loads, 11 LSLICEs
     Net PWM_I_M3/n6578: 6 loads, 6 LSLICEs
     Net PWM_I_M2/n6579: 6 loads, 6 LSLICEs
     Net PWM_I_M1/n6580: 6 loads, 6 LSLICEs
     Net HALL_I_M2/clk_1mhz_enable_72: 11 loads, 11 LSLICEs
     Net PWM_I_M4/n6577: 6 loads, 6 LSLICEs
     Net PID_I/n10792: 1 loads, 1 LSLICEs
     Net PID_I/ss_0: 1 loads, 1 LSLICEs
     Net PID_I/n6615: 11 loads, 11 LSLICEs
     Net PID_I/n6594: 11 loads, 11 LSLICEs
     Net PID_I/n6570: 12 loads, 12 LSLICEs
     Net PID_I/n6644: 3 loads, 3 LSLICEs
     Net PID_I/n6635: 3 loads, 3 LSLICEs
     Net PID_I/n6575: 3 loads, 3 LSLICEs
     Net PID_I/n6590: 3 loads, 3 LSLICEs
     Net HALL_I_M4/clk_1mhz_enable_58: 11 loads, 11 LSLICEs
   Number of nets driven by tri-state buffers:  0
   Top 10 highest fanout non-clock nets:
     Net SPI_I/CSlatched: 125 loads
     Net PID_I/ss_2: 124 loads
     Net SPI_I/n10789: 95 loads
     Net PID_I/multIn2_2: 90 loads
     Net PID_I/n2227: 78 loads
     Net SPI_I/n11099: 75 loads
     Net SPI_I/n11100: 73 loads
     Net PID_I/n711: 72 loads
     Net PID_I/ss_3: 64 loads
     Net SPI_I/clkout_c_enable_199: 48 loads
 

   Number of warnings:  0
   Number of errors:    0



Total CPU Time: 1 secs  
Total REAL Time: 0 secs  
Peak Memory Usage: 70 MB

Dumping design to file Motorcontrollerfinal_controller_map.ncd.

ncd2vdb "Motorcontrollerfinal_controller_map.ncd" ".vdbs/Motorcontrollerfinal_controller_map.vdb"

Loading device for application ncd2vdb from file 'xo2c7000.nph' in environment: C:/lscc/diamond/3.8_x64/ispfpga.

trce -f "Motorcontrollerfinal_controller.mt" -o "Motorcontrollerfinal_controller.tw1" "Motorcontrollerfinal_controller_map.ncd" "Motorcontrollerfinal_controller.prf"
trce:  version Diamond (64-bit) 3.8.0.115.3

Copyright (c) 1991-1994 by NeoCAD Inc. All rights reserved.
Copyright (c) 1995 AT&T Corp.   All rights reserved.
Copyright (c) 1995-2001 Lucent Technologies Inc.  All rights reserved.
Copyright (c) 2001 Agere Systems   All rights reserved.
Copyright (c) 2002-2016 Lattice Semiconductor Corporation,  All rights reserved.

Loading design for application trce from file motorcontrollerfinal_controller_map.ncd.
Design name: SPI_loopback_Top
NCD version: 3.3
Vendor:      LATTICE
Device:      LCMXO2-7000HE
Package:     TQFP144
Performance: 4
Loading device for application trce from file 'xo2c7000.nph' in environment: C:/lscc/diamond/3.8_x64/ispfpga.
Package Status:                     Final          Version 1.39.
Performance Hardware Data Status:   Final          Version 34.4.
Setup and Hold Report

--------------------------------------------------------------------------------
Lattice TRACE Report - Setup, Version Diamond (64-bit) 3.8.0.115.3
Wed Mar 08 10:00:02 2017

Copyright (c) 1991-1994 by NeoCAD Inc. All rights reserved.
Copyright (c) 1995 AT&T Corp.   All rights reserved.
Copyright (c) 1995-2001 Lucent Technologies Inc.  All rights reserved.
Copyright (c) 2001 Agere Systems   All rights reserved.
Copyright (c) 2002-2016 Lattice Semiconductor Corporation,  All rights reserved.

Report Information
------------------
Command line:    trce -v 1 -gt -mapchkpnt 0 -sethld -o Motorcontrollerfinal_controller.tw1 -gui -msgset C:/Users/gebruiker/workspace/lattice/Final code software/promote.xml Motorcontrollerfinal_controller_map.ncd Motorcontrollerfinal_controller.prf 
Design file:     motorcontrollerfinal_controller_map.ncd
Preference file: motorcontrollerfinal_controller.prf
Device,speed:    LCMXO2-7000HE,4
Report level:    verbose report, limited to 1 item per preference
--------------------------------------------------------------------------------

BLOCK ASYNCPATHS
BLOCK RESETPATHS
BLOCK JTAG PATHS
--------------------------------------------------------------------------------



Timing summary (Setup):
---------------

Timing errors: 0  Score: 0
Cumulative negative slack: 0

Constraints cover 2400 paths, 1 nets, and 6631 connections (99.71% coverage)

--------------------------------------------------------------------------------
Lattice TRACE Report - Hold, Version Diamond (64-bit) 3.8.0.115.3
Wed Mar 08 10:00:03 2017

Copyright (c) 1991-1994 by NeoCAD Inc. All rights reserved.
Copyright (c) 1995 AT&T Corp.   All rights reserved.
Copyright (c) 1995-2001 Lucent Technologies Inc.  All rights reserved.
Copyright (c) 2001 Agere Systems   All rights reserved.
Copyright (c) 2002-2016 Lattice Semiconductor Corporation,  All rights reserved.

Report Information
------------------
Command line:    trce -v 1 -gt -mapchkpnt 0 -sethld -o Motorcontrollerfinal_controller.tw1 -gui -msgset C:/Users/gebruiker/workspace/lattice/Final code software/promote.xml Motorcontrollerfinal_controller_map.ncd Motorcontrollerfinal_controller.prf 
Design file:     motorcontrollerfinal_controller_map.ncd
Preference file: motorcontrollerfinal_controller.prf
Device,speed:    LCMXO2-7000HE,M
Report level:    verbose report, limited to 1 item per preference
--------------------------------------------------------------------------------

BLOCK ASYNCPATHS
BLOCK RESETPATHS
BLOCK JTAG PATHS
--------------------------------------------------------------------------------



Timing summary (Hold):
---------------

Timing errors: 0  Score: 0
Cumulative negative slack: 0

Constraints cover 2400 paths, 1 nets, and 6631 connections (99.71% coverage)



Timing summary (Setup and Hold):
---------------

Timing errors: 0 (setup), 0 (hold)
Score: 0 (setup), 0 (hold)
Cumulative negative slack: 0 (0+0)
--------------------------------------------------------------------------------

--------------------------------------------------------------------------------

Total time: 0 secs 

mpartrce -p "Motorcontrollerfinal_controller.p2t" -f "Motorcontrollerfinal_controller.p3t" -tf "Motorcontrollerfinal_controller.pt" "Motorcontrollerfinal_controller_map.ncd" "Motorcontrollerfinal_controller.ncd"

---- MParTrce Tool ----
Removing old design directory at request of -rem command line option to this program.
Running par. Please wait . . .

Lattice Place and Route Report for Design "Motorcontrollerfinal_controller_map.ncd"
Wed Mar 08 10:00:03 2017

PAR: Place And Route Diamond (64-bit) 3.8.0.115.3.
Command Line: par -w -l 5 -i 6 -t 1 -c 0 -e 0 -gui -msgset "C:/Users/gebruiker/workspace/lattice/Final code software/promote.xml" -exp parUseNBR=1:parCDP=0:parCDR=0:parPathBased=OFF Motorcontrollerfinal_controller_map.ncd Motorcontrollerfinal_controller.dir/5_1.ncd Motorcontrollerfinal_controller.prf
Preference file: Motorcontrollerfinal_controller.prf.
Placement level-cost: 5-1.
Routing Iterations: 6

Loading design for application par from file Motorcontrollerfinal_controller_map.ncd.
Design name: SPI_loopback_Top
NCD version: 3.3
Vendor:      LATTICE
Device:      LCMXO2-7000HE
Package:     TQFP144
Performance: 4
Loading device for application par from file 'xo2c7000.nph' in environment: C:/lscc/diamond/3.8_x64/ispfpga.
Package Status:                     Final          Version 1.39.
Performance Hardware Data Status:   Final          Version 34.4.
License checked out.


Ignore Preference Error(s):  True
Device utilization summary:

   PIO (prelim)   48+4(JTAG)/336     15% used
                  48+4(JTAG)/115     45% bonded

   SLICE            895/3432         26% used

   GSR                1/1           100% used
   OSC                1/1           100% used


Number of Signals: 2761
Number of Connections: 6650

Pin Constraint Summary:
   47 out of 48 pins locked (97% locked).

The following 4 signals are selected to use the primary clock routing resources:
    clkout_c (driver: OSCInst0, clk load #: 205)
    CLKDIV_I/pi_clk (driver: CLKDIV_I/SLICE_499, clk load #: 177)
    clk_1mhz (driver: CLKDIV_I/SLICE_496, clk load #: 106)
    pwm_clk (driver: SLICE_845, clk load #: 26)


The following 8 signals are selected to use the secondary clock routing resources:
    SPI_I/clkout_c_enable_199 (driver: SPI_I/SLICE_1001, clk load #: 0, sr load #: 0, ce load #: 48)
    clkout_c_enable_257 (driver: SLICE_833, clk load #: 0, sr load #: 0, ce load #: 27)
    clkout_c_enable_269 (driver: SLICE_833, clk load #: 0, sr load #: 0, ce load #: 26)
    SPI_I/clkout_c_enable_58 (driver: SPI_I/SLICE_990, clk load #: 0, sr load #: 0, ce load #: 25)
    PID_I/clk_N_707_enable_248 (driver: PID_I/SLICE_979, clk load #: 0, sr load #: 0, ce load #: 24)
    SPI_I/clkout_c_enable_104 (driver: SPI_I/SLICE_990, clk load #: 0, sr load #: 0, ce load #: 23)
    HALL_I_M1/clk_1mhz_enable_79 (driver: SLICE_845, clk load #: 0, sr load #: 11, ce load #: 10)
    HALL_I_M4/clk_1mhz_enable_58 (driver: HALL_I_M4/SLICE_987, clk load #: 0, sr load #: 11, ce load #: 10)

Signal n11101 is selected as Global Set/Reset.
.
Starting Placer Phase 0.
...........
Finished Placer Phase 0.  REAL time: 0 secs 

Starting Placer Phase 1.
......................
Placer score = 474759.
Finished Placer Phase 1.  REAL time: 9 secs 

Starting Placer Phase 2.
.
Placer score =  470202
Finished Placer Phase 2.  REAL time: 10 secs 


------------------ Clock Report ------------------

Global Clock Resources:
  CLK_PIN    : 0 out of 8 (0%)
  PLL        : 0 out of 2 (0%)
  DCM        : 0 out of 2 (0%)
  DCC        : 0 out of 8 (0%)

Quadrants All (TL, TR, BL, BR) - Global Clocks:
  PRIMARY "clkout_c" from OSC on comp "OSCInst0" on site "OSC", clk load = 205
  PRIMARY "CLKDIV_I/pi_clk" from Q1 on comp "CLKDIV_I/SLICE_499" on site "R2C19D", clk load = 177
  PRIMARY "clk_1mhz" from Q1 on comp "CLKDIV_I/SLICE_496" on site "R21C2A", clk load = 106
  PRIMARY "pwm_clk" from Q0 on comp "SLICE_845" on site "R2C16D", clk load = 26
  SECONDARY "SPI_I/clkout_c_enable_199" from F0 on comp "SPI_I/SLICE_1001" on site "R14C18D", clk load = 0, ce load = 48, sr load = 0
  SECONDARY "clkout_c_enable_257" from Q0 on comp "SLICE_833" on site "R14C18C", clk load = 0, ce load = 27, sr load = 0
  SECONDARY "clkout_c_enable_269" from Q1 on comp "SLICE_833" on site "R14C18C", clk load = 0, ce load = 26, sr load = 0
  SECONDARY "SPI_I/clkout_c_enable_58" from F1 on comp "SPI_I/SLICE_990" on site "R14C18B", clk load = 0, ce load = 25, sr load = 0
  SECONDARY "PID_I/clk_N_707_enable_248" from F1 on comp "PID_I/SLICE_979" on site "R14C18A", clk load = 0, ce load = 24, sr load = 0
  SECONDARY "SPI_I/clkout_c_enable_104" from F0 on comp "SPI_I/SLICE_990" on site "R14C18B", clk load = 0, ce load = 23, sr load = 0
  SECONDARY "HALL_I_M1/clk_1mhz_enable_79" from F0 on comp "SLICE_845" on site "R2C16D", clk load = 0, ce load = 10, sr load = 11
  SECONDARY "HALL_I_M4/clk_1mhz_enable_58" from F0 on comp "HALL_I_M4/SLICE_987" on site "R21C18A", clk load = 0, ce load = 10, sr load = 11

  PRIMARY  : 4 out of 8 (50%)
  SECONDARY: 8 out of 8 (100%)

Edge Clocks:
  No edge clock selected.

--------------- End of Clock Report ---------------


I/O Usage Summary (final):
   48 + 4(JTAG) out of 336 (15.5%) PIO sites used.
   48 + 4(JTAG) out of 115 (45.2%) bonded PIO sites used.
   Number of PIO comps: 48; differential: 0.
   Number of Vref pins used: 0.

I/O Bank Usage Summary:
+----------+----------------+------------+-----------+
| I/O Bank | Usage          | Bank Vccio | Bank Vref |
+----------+----------------+------------+-----------+
| 0        | 8 / 28 ( 28%)  | 2.5V       | -         |
| 1        | 17 / 29 ( 58%) | 2.5V       | -         |
| 2        | 10 / 29 ( 34%) | 2.5V       | -         |
| 3        | 5 / 9 ( 55%)   | 2.5V       | -         |
| 4        | 3 / 10 ( 30%)  | 2.5V       | -         |
| 5        | 5 / 10 ( 50%)  | 2.5V       | -         |
+----------+----------------+------------+-----------+

Total placer CPU time: 9 secs 

Dumping design to file Motorcontrollerfinal_controller.dir/5_1.ncd.

0 connections routed; 6650 unrouted.
Starting router resource preassignment

Completed router resource preassignment. Real time: 12 secs 

Start NBR router at 10:00:15 03/08/17

*****************************************************************
Info: NBR allows conflicts(one node used by more than one signal)
      in the earlier iterations. In each iteration, it tries to  
      solve the conflicts while keeping the critical connections 
      routed as short as possible. The routing process is said to
      be completed when no conflicts exist and all connections   
      are routed.                                                
Note: NBR uses a different method to calculate timing slacks. The
      worst slack and total negative slack may not be the same as
      that in TRCE report. You should always run TRCE to verify  
      your design.                                               
*****************************************************************

Start NBR special constraint process at 10:00:15 03/08/17

Start NBR section for initial routing at 10:00:15 03/08/17
Level 4, iteration 1
276(0.07%) conflicts; 0(0.00%) untouched conn; 0 (nbr) score; 
Estimated worst slack/total negative slack<setup>: 17.089ns/0.000ns; real time: 13 secs 

Info: Initial congestion level at 75% usage is 0
Info: Initial congestion area  at 75% usage is 0 (0.00%)

Start NBR section for normal routing at 10:00:16 03/08/17
Level 4, iteration 1
124(0.03%) conflicts; 0(0.00%) untouched conn; 0 (nbr) score; 
Estimated worst slack/total negative slack<setup>: 16.407ns/0.000ns; real time: 13 secs 
Level 4, iteration 2
60(0.02%) conflicts; 0(0.00%) untouched conn; 0 (nbr) score; 
Estimated worst slack/total negative slack<setup>: 16.113ns/0.000ns; real time: 14 secs 
Level 4, iteration 3
18(0.00%) conflicts; 0(0.00%) untouched conn; 0 (nbr) score; 
Estimated worst slack/total negative slack<setup>: 16.113ns/0.000ns; real time: 14 secs 
Level 4, iteration 4
5(0.00%) conflicts; 0(0.00%) untouched conn; 0 (nbr) score; 
Estimated worst slack/total negative slack<setup>: 16.113ns/0.000ns; real time: 14 secs 
Level 4, iteration 5
1(0.00%) conflict; 0(0.00%) untouched conn; 0 (nbr) score; 
Estimated worst slack/total negative slack<setup>: 16.113ns/0.000ns; real time: 14 secs 
Level 4, iteration 6
0(0.00%) conflict; 0(0.00%) untouched conn; 0 (nbr) score; 
Estimated worst slack/total negative slack<setup>: 16.113ns/0.000ns; real time: 14 secs 

Start NBR section for setup/hold timing optimization with effort level 3 at 10:00:17 03/08/17

Start NBR section for re-routing at 10:00:17 03/08/17
Level 4, iteration 1
0(0.00%) conflict; 0(0.00%) untouched conn; 0 (nbr) score; 
Estimated worst slack/total negative slack<setup>: 16.113ns/0.000ns; real time: 14 secs 

Start NBR section for post-routing at 10:00:17 03/08/17

End NBR router with 0 unrouted connection

NBR Summary
-----------
  Number of unrouted connections : 0 (0.00%)
  Number of connections with timing violations : 0 (0.00%)
  Estimated worst slack<setup> : 16.113ns
  Timing score<setup> : 0
-----------
Notes: The timing info is calculated for SETUP only and all PAR_ADJs are ignored.



Total CPU time 15 secs 
Total REAL time: 16 secs 
Completely routed.
End of route.  6650 routed (100.00%); 0 unrouted.

Hold time timing score: 0, hold timing errors: 0

Timing score: 0 

Dumping design to file Motorcontrollerfinal_controller.dir/5_1.ncd.


PAR_SUMMARY::Run status = completed
PAR_SUMMARY::Number of unrouted conns = 0
PAR_SUMMARY::Worst  slack<setup/<ns>> = 16.113
PAR_SUMMARY::Timing score<setup/<ns>> = 0.000
PAR_SUMMARY::Worst  slack<hold /<ns>> = 0.306
PAR_SUMMARY::Timing score<hold /<ns>> = 0.000
PAR_SUMMARY::Number of errors = 0

Total CPU  time to completion: 15 secs 
Total REAL time to completion: 16 secs 

par done!

Copyright (c) 1991-1994 by NeoCAD Inc. All rights reserved.
Copyright (c) 1995 AT&T Corp.   All rights reserved.
Copyright (c) 1995-2001 Lucent Technologies Inc.  All rights reserved.
Copyright (c) 2001 Agere Systems   All rights reserved.
Copyright (c) 2002-2016 Lattice Semiconductor Corporation,  All rights reserved.
Exiting par with exit code 0
Exiting mpartrce with exit code 0

trce -f "Motorcontrollerfinal_controller.pt" -o "Motorcontrollerfinal_controller.twr" "Motorcontrollerfinal_controller.ncd" "Motorcontrollerfinal_controller.prf"
trce:  version Diamond (64-bit) 3.8.0.115.3

Copyright (c) 1991-1994 by NeoCAD Inc. All rights reserved.
Copyright (c) 1995 AT&T Corp.   All rights reserved.
Copyright (c) 1995-2001 Lucent Technologies Inc.  All rights reserved.
Copyright (c) 2001 Agere Systems   All rights reserved.
Copyright (c) 2002-2016 Lattice Semiconductor Corporation,  All rights reserved.

Loading design for application trce from file motorcontrollerfinal_controller.ncd.
Design name: SPI_loopback_Top
NCD version: 3.3
Vendor:      LATTICE
Device:      LCMXO2-7000HE
Package:     TQFP144
Performance: 4
Loading device for application trce from file 'xo2c7000.nph' in environment: C:/lscc/diamond/3.8_x64/ispfpga.
Package Status:                     Final          Version 1.39.
Performance Hardware Data Status:   Final          Version 34.4.
Setup and Hold Report

--------------------------------------------------------------------------------
Lattice TRACE Report - Setup, Version Diamond (64-bit) 3.8.0.115.3
Wed Mar 08 10:00:20 2017

Copyright (c) 1991-1994 by NeoCAD Inc. All rights reserved.
Copyright (c) 1995 AT&T Corp.   All rights reserved.
Copyright (c) 1995-2001 Lucent Technologies Inc.  All rights reserved.
Copyright (c) 2001 Agere Systems   All rights reserved.
Copyright (c) 2002-2016 Lattice Semiconductor Corporation,  All rights reserved.

Report Information
------------------
Command line:    trce -v 10 -gt -sethld -sp 4 -sphld m -o Motorcontrollerfinal_controller.twr -gui -msgset C:/Users/gebruiker/workspace/lattice/Final code software/promote.xml Motorcontrollerfinal_controller.ncd Motorcontrollerfinal_controller.prf 
Design file:     motorcontrollerfinal_controller.ncd
Preference file: motorcontrollerfinal_controller.prf
Device,speed:    LCMXO2-7000HE,4
Report level:    verbose report, limited to 10 items per preference
--------------------------------------------------------------------------------

BLOCK ASYNCPATHS
BLOCK RESETPATHS
BLOCK JTAG PATHS
--------------------------------------------------------------------------------



Timing summary (Setup):
---------------

Timing errors: 0  Score: 0
Cumulative negative slack: 0

Constraints cover 2400 paths, 1 nets, and 6631 connections (99.71% coverage)

--------------------------------------------------------------------------------
Lattice TRACE Report - Hold, Version Diamond (64-bit) 3.8.0.115.3
Wed Mar 08 10:00:20 2017

Copyright (c) 1991-1994 by NeoCAD Inc. All rights reserved.
Copyright (c) 1995 AT&T Corp.   All rights reserved.
Copyright (c) 1995-2001 Lucent Technologies Inc.  All rights reserved.
Copyright (c) 2001 Agere Systems   All rights reserved.
Copyright (c) 2002-2016 Lattice Semiconductor Corporation,  All rights reserved.

Report Information
------------------
Command line:    trce -v 10 -gt -sethld -sp 4 -sphld m -o Motorcontrollerfinal_controller.twr -gui -msgset C:/Users/gebruiker/workspace/lattice/Final code software/promote.xml Motorcontrollerfinal_controller.ncd Motorcontrollerfinal_controller.prf 
Design file:     motorcontrollerfinal_controller.ncd
Preference file: motorcontrollerfinal_controller.prf
Device,speed:    LCMXO2-7000HE,m
Report level:    verbose report, limited to 10 items per preference
--------------------------------------------------------------------------------

BLOCK ASYNCPATHS
BLOCK RESETPATHS
BLOCK JTAG PATHS
--------------------------------------------------------------------------------



Timing summary (Hold):
---------------

Timing errors: 0  Score: 0
Cumulative negative slack: 0

Constraints cover 2400 paths, 1 nets, and 6631 connections (99.71% coverage)



Timing summary (Setup and Hold):
---------------

Timing errors: 0 (setup), 0 (hold)
Score: 0 (setup), 0 (hold)
Cumulative negative slack: 0 (0+0)
--------------------------------------------------------------------------------

--------------------------------------------------------------------------------

Total time: 0 secs 

bitgen -f "Motorcontrollerfinal_controller.t2b" -w "Motorcontrollerfinal_controller.ncd" -jedec "Motorcontrollerfinal_controller.prf"


BITGEN: Bitstream Generator Diamond (64-bit) 3.8.0.115.3
Copyright (c) 1991-1994 by NeoCAD Inc. All rights reserved.
Copyright (c) 1995 AT&T Corp.   All rights reserved.
Copyright (c) 1995-2001 Lucent Technologies Inc.  All rights reserved.
Copyright (c) 2001 Agere Systems   All rights reserved.
Copyright (c) 2002-2016 Lattice Semiconductor Corporation,  All rights reserved.


Loading design for application Bitgen from file Motorcontrollerfinal_controller.ncd.
Design name: SPI_loopback_Top
NCD version: 3.3
Vendor:      LATTICE
Device:      LCMXO2-7000HE
Package:     TQFP144
Performance: 4
Loading device for application Bitgen from file 'xo2c7000.nph' in environment: C:/lscc/diamond/3.8_x64/ispfpga.
Package Status:                     Final          Version 1.39.
Performance Hardware Data Status:   Final          Version 34.4.

Running DRC.
DRC detected 0 errors and 0 warnings.
Reading Preference File from Motorcontrollerfinal_controller.prf.

Preference Summary:
+---------------------------------+---------------------------------+
|  Preference                     |  Current Setting                |
+---------------------------------+---------------------------------+
|                         RamCfg  |                        Reset**  |
+---------------------------------+---------------------------------+
|                     MCCLK_FREQ  |                         2.08**  |
+---------------------------------+---------------------------------+
|                  CONFIG_SECURE  |                          OFF**  |
+---------------------------------+---------------------------------+
|                      JTAG_PORT  |                       ENABLE**  |
+---------------------------------+---------------------------------+
|                       SDM_PORT  |                      DISABLE**  |
+---------------------------------+---------------------------------+
|                 SLAVE_SPI_PORT  |                      DISABLE**  |
+---------------------------------+---------------------------------+
|                MASTER_SPI_PORT  |                      DISABLE**  |
+---------------------------------+---------------------------------+
|                       I2C_PORT  |                      DISABLE**  |
+---------------------------------+---------------------------------+
|        MUX_CONFIGURATION_PORTS  |                      DISABLE**  |
+---------------------------------+---------------------------------+
|                  CONFIGURATION  |                          CFG**  |
+---------------------------------+---------------------------------+
|                COMPRESS_CONFIG  |                           ON**  |
+---------------------------------+---------------------------------+
|                        MY_ASSP  |                          OFF**  |
+---------------------------------+---------------------------------+
|               ONE_TIME_PROGRAM  |                          OFF**  |
+---------------------------------+---------------------------------+
|                 ENABLE_TRANSFR  |                      DISABLE**  |
+---------------------------------+---------------------------------+
|                  SHAREDEBRINIT  |                      DISABLE**  |
+---------------------------------+---------------------------------+
|            BACKGROUND_RECONFIG  |                          OFF**  |
+---------------------------------+---------------------------------+
 *  Default setting.
 ** The specified setting matches the default setting.


Creating bit map...
 
Bitstream Status: Final           Version 1.92.
 
Saving bit stream in "Motorcontrollerfinal_controller.jed".
 
===========
UFM Summary.
===========
UFM Size:        2046 Pages (128*2046 Bits).
UFM Utilization: General Purpose Flash Memory.
 
Available General Purpose Flash Memory: 2046 Pages (Page 0 to Page 2045).
Initialized UFM Pages:                     0 Page.
 
